PHPUnit 3.7.21 by Sebastian Bergmann.

..........E

Time: 2 seconds, Memory: 8.25Mb

There was 1 error:

1) RequestTest::testInfoRequest
RuntimeException: вместо Response=(string)"info" получено (string)"error"

D:\projects\snakes\files\server\www\protected\service\Util.php:57
D:\projects\snakes\files\server\www\protected\tests\unit\RequestTestBase.php:53
D:\projects\snakes\files\server\www\protected\tests\unit\RequestTest.php:103

FAILURES!
Tests: 11, Assertions: 0, Errors: 1.
